# JRE version: OpenJDK Runtime Environment (8.0_152-b06) (build 1.8.0_152-release-1136-b06)
# Java VM: OpenJDK 64-Bit Server VM (25.152-b06 mixed mode windows-amd64 compressed oops)
Heap:
 PSYoungGen      total 463872K, used 214374K [0x00000000e0000000, 0x0000000100000000, 0x0000000100000000)
  eden space 403456K, 49% used [0x00000000e0000000,0x00000000ec175738,0x00000000f8a00000)
  from space 60416K, 26% used [0x00000000f8a00000,0x00000000f99e4190,0x00000000fc500000)
  to   space 57856K, 0% used [0x00000000fc780000,0x00000000fc780000,0x0000000100000000)
 ParOldGen       total 196608K, used 121054K [0x00000000a0000000, 0x00000000ac000000, 0x00000000e0000000)
  object space 196608K, 61% used [0x00000000a0000000,0x00000000a7637a78,0x00000000ac000000)
 Metaspace       used 104732K, capacity 112016K, committed 112128K, reserved 1146880K
  class space    used 12893K, capacity 14277K, committed 14336K, reserved 1048576K
GC Heap History (10 events):
Event: 7856.450 GC heap before
{Heap before GC invocations=63 (full 4):
 PSYoungGen      total 461824K, used 418377K [0x00000000e0000000, 0x00000000ffc80000, 0x0000000100000000)
  eden space 407040K, 99% used [0x00000000e0000000,0x00000000f8d01eb8,0x00000000f8d80000)
  from space 54784K, 21% used [0x00000000fc700000,0x00000000fd2905b8,0x00000000ffc80000)
  to   space 56832K, 0% used [0x00000000f8d80000,0x00000000f8d80000,0x00000000fc500000)
 ParOldGen       total 196608K, used 114760K [0x00000000a0000000, 0x00000000ac000000, 0x00000000e0000000)
  object space 196608K, 58% used [0x00000000a0000000,0x00000000a7012278,0x00000000ac000000)
 Metaspace       used 103955K, capacity 111176K, committed 111232K, reserved 1146880K
  class space    used 12802K, capacity 14183K, committed 14208K, reserved 1048576K
Event: 7856.472 GC heap after
Heap after GC invocations=63 (full 4):
 PSYoungGen      total 463872K, used 17779K [0x00000000e0000000, 0x00000000ffc00000, 0x0000000100000000)
  eden space 407040K, 0% used [0x00000000e0000000,0x00000000e0000000,0x00000000f8d80000)
  from space 56832K, 31% used [0x00000000f8d80000,0x00000000f9edced0,0x00000000fc500000)
  to   space 53760K, 0% used [0x00000000fc780000,0x00000000fc780000,0x00000000ffc00000)
 ParOldGen       total 196608K, used 114784K [0x00000000a0000000, 0x00000000ac000000, 0x00000000e0000000)
  object space 196608K, 58% used [0x00000000a0000000,0x00000000a7018278,0x00000000ac000000)
 Metaspace       used 103955K, capacity 111176K, committed 111232K, reserved 1146880K
  class space    used 12802K, capacity 14183K, committed 14208K, reserved 1048576K
}
Event: 7860.844 GC heap before
{Heap before GC invocations=64 (full 4):
 PSYoungGen      total 463872K, used 424819K [0x00000000e0000000, 0x00000000ffc00000, 0x0000000100000000)
  eden space 407040K, 100% used [0x00000000e0000000,0x00000000f8d80000,0x00000000f8d80000)
  from space 56832K, 31% used [0x00000000f8d80000,0x00000000f9edced0,0x00000000fc500000)
  to   space 53760K, 0% used [0x00000000fc780000,0x00000000fc780000,0x00000000ffc00000)
 ParOldGen       total 196608K, used 114784K [0x00000000a0000000, 0x00000000ac000000, 0x00000000e0000000)
  object space 196608K, 58% used [0x00000000a0000000,0x00000000a7018278,0x00000000ac000000)
 Metaspace       used 103997K, capacity 111248K, committed 111488K, reserved 1146880K
  class space    used 12802K, capacity 14183K, committed 14208K, reserved 1048576K
Event: 7860.857 GC heap after
Heap after GC invocations=64 (full 4):
 PSYoungGen      total 465408K, used 11347K [0x00000000e0000000, 0x00000000ffa00000, 0x0000000100000000)
  eden space 413696K, 0% used [0x00000000e0000000,0x00000000e0000000,0x00000000f9400000)
  from space 51712K, 21% used [0x00000000fc780000,0x00000000fd294e20,0x00000000ffa00000)
  to   space 52224K, 0% used [0x00000000f9400000,0x00000000f9400000,0x00000000fc700000)
 ParOldGen       total 196608K, used 114816K [0x00000000a0000000, 0x00000000ac000000, 0x00000000e0000000)
  object space 196608K, 58% used [0x00000000a0000000,0x00000000a7020278,0x00000000ac000000)
 Metaspace       used 103997K, capacity 111248K, committed 111488K, reserved 1146880K
  class space    used 12802K, capacity 14183K, committed 14208K, reserved 1048576K
}
Event: 7868.579 GC heap before
{Heap before GC invocations=65 (full 4):
 PSYoungGen      total 465408K, used 425043K [0x00000000e0000000, 0x00000000ffa00000, 0x0000000100000000)
  eden space 413696K, 100% used [0x00000000e0000000,0x00000000f9400000,0x00000000f9400000)
  from space 51712K, 21% used [0x00000000fc780000,0x00000000fd294e20,0x00000000ffa00000)
  to   space 52224K, 0% used [0x00000000f9400000,0x00000000f9400000,0x00000000fc700000)
 ParOldGen       total 196608K, used 114816K [0x00000000a0000000, 0x00000000ac000000, 0x00000000e0000000)
  object space 196608K, 58% used [0x00000000a0000000,0x00000000a7020278,0x00000000ac000000)
 Metaspace       used 104021K, capacity 111248K, committed 111488K, reserved 1146880K
  class space    used 12802K, capacity 14183K, committed 14208K, reserved 1048576K
Event: 7868.593 GC heap after
Heap after GC invocations=65 (full 4):
 PSYoungGen      total 465920K, used 12898K [0x00000000e0000000, 0x00000000ffc80000, 0x0000000100000000)
  eden space 413696K, 0% used [0x00000000e0000000,0x00000000e0000000,0x00000000f9400000)
  from space 52224K, 24% used [0x00000000f9400000,0x00000000fa098ab8,0x00000000fc700000)
  to   space 50176K, 0% used [0x00000000fcb80000,0x00000000fcb80000,0x00000000ffc80000)
 ParOldGen       total 196608K, used 114840K [0x00000000a0000000, 0x00000000ac000000, 0x00000000e0000000)
  object space 196608K, 58% used [0x00000000a0000000,0x00000000a7026278,0x00000000ac000000)
 Metaspace       used 104021K, capacity 111248K, committed 111488K, reserved 1146880K
  class space    used 12802K, capacity 14183K, committed 14208K, reserved 1048576K
}
Event: 7873.602 GC heap before
{Heap before GC invocations=66 (full 4):
 PSYoungGen      total 465920K, used 426594K [0x00000000e0000000, 0x00000000ffc80000, 0x0000000100000000)
  eden space 413696K, 100% used [0x00000000e0000000,0x00000000f9400000,0x00000000f9400000)
  from space 52224K, 24% used [0x00000000f9400000,0x00000000fa098ab8,0x00000000fc700000)
  to   space 50176K, 0% used [0x00000000fcb80000,0x00000000fcb80000,0x00000000ffc80000)
 ParOldGen       total 196608K, used 114840K [0x00000000a0000000, 0x00000000ac000000, 0x00000000e0000000)
  object space 196608K, 58% used [0x00000000a0000000,0x00000000a7026278,0x00000000ac000000)
 Metaspace       used 104064K, capacity 111312K, committed 111488K, reserved 1146880K
  class space    used 12802K, capacity 14183K, committed 14208K, reserved 1048576K
Event: 7873.662 GC heap after
Heap after GC invocations=66 (full 4):
 PSYoungGen      total 453632K, used 50175K [0x00000000e0000000, 0x0000000100000000, 0x0000000100000000)
  eden space 403456K, 0% used [0x00000000e0000000,0x00000000e0000000,0x00000000f8a00000)
  from space 50176K, 99% used [0x00000000fcb80000,0x00000000ffc7fc38,0x00000000ffc80000)
  to   space 60416K, 0% used [0x00000000f8a00000,0x00000000f8a00000,0x00000000fc500000)
 ParOldGen       total 196608K, used 120155K [0x00000000a0000000, 0x00000000ac000000, 0x00000000e0000000)
  object space 196608K, 61% used [0x00000000a0000000,0x00000000a7556cc0,0x00000000ac000000)
 Metaspace       used 104064K, capacity 111312K, committed 111488K, reserved 1146880K
  class space    used 12802K, capacity 14183K, committed 14208K, reserved 1048576K
}
Event: 8381.971 GC heap before
{Heap before GC invocations=67 (full 4):
 PSYoungGen      total 453632K, used 453631K [0x00000000e0000000, 0x0000000100000000, 0x0000000100000000)
  eden space 403456K, 100% used [0x00000000e0000000,0x00000000f8a00000,0x00000000f8a00000)
  from space 50176K, 99% used [0x00000000fcb80000,0x00000000ffc7fc38,0x00000000ffc80000)
  to   space 60416K, 0% used [0x00000000f8a00000,0x00000000f8a00000,0x00000000fc500000)
 ParOldGen       total 196608K, used 120155K [0x00000000a0000000, 0x00000000ac000000, 0x00000000e0000000)
  object space 196608K, 61% used [0x00000000a0000000,0x00000000a7556cc0,0x00000000ac000000)
 Metaspace       used 104617K, capacity 111884K, committed 112128K, reserved 1146880K
  class space    used 12892K, capacity 14277K, committed 14336K, reserved 1048576K
Event: 8381.998 GC heap after
Heap after GC invocations=67 (full 4):
 PSYoungGen      total 463872K, used 16272K [0x00000000e0000000, 0x0000000100000000, 0x0000000100000000)
  eden space 403456K, 0% used [0x00000000e0000000,0x00000000e0000000,0x00000000f8a00000)
  from space 60416K, 26% used [0x00000000f8a00000,0x00000000f99e4190,0x00000000fc500000)
  to   space 57856K, 0% used [0x00000000fc780000,0x00000000fc780000,0x0000000100000000)
 ParOldGen       total 196608K, used 121054K [0x00000000a0000000, 0x00000000ac000000, 0x00000000e0000000)
  object space 196608K, 61% used [0x00000000a0000000,0x00000000a7637a78,0x00000000ac000000)
 Metaspace       used 104617K, capacity 111884K, committed 112128K, reserved 1146880K
  class space    used 12892K, capacity 14277K, committed 14336K, reserved 1048576K
}

